2018-10-26 10:47:47.930 [main] INFO  com.sgr.meijia.service.UserServiceTest - Starting UserServiceTest on 0JLRCJND6CEG9UN with PID 14768 (started by Administrator in D:\work\meijia)
2018-10-26 10:47:47.931 [main] INFO  com.sgr.meijia.service.UserServiceTest - The following profiles are active: dev
2018-10-26 10:47:48.106 [main] INFO  o.s.w.context.support.GenericWebApplicationContext - Refreshing org.springframework.web.context.support.GenericWebApplicationContext@68034211: startup date [Fri Oct 26 10:47:48 CST 2018]; root of context hierarchy
2018-10-26 10:47:50.218 [main] INFO  o.s.d.r.config.RepositoryConfigurationDelegate - Multiple Spring Data modules found, entering strict repository configuration mode!
2018-10-26 10:47:50.415 [main] INFO  o.s.d.r.config.RepositoryConfigurationDelegate - Multiple Spring Data modules found, entering strict repository configuration mode!
2018-10-26 10:47:50.468 [main] INFO  o.s.d.r.c.RepositoryConfigurationExtensionSupport - Spring Data Redis - Could not safely identify store assignment for repository candidate interface com.sgr.meijia.repository.ITitleRepository.
2018-10-26 10:47:50.470 [main] INFO  o.s.d.r.c.RepositoryConfigurationExtensionSupport - Spring Data Redis - Could not safely identify store assignment for repository candidate interface com.sgr.meijia.repository.IUsersRepository.
2018-10-26 10:47:51.178 [main] INFO  o.s.c.s.PostProcessorRegistrationDelegate$BeanPostProcessorChecker - Bean 'org.springframework.transaction.annotation.ProxyTransactionManagementConfiguration' of type [org.springframework.transaction.annotation.ProxyTransactionManagementConfiguration$$EnhancerBySpringCGLIB$$1a419f47] is not eligible for getting processed by all BeanPostProcessors (for example: not eligible for auto-proxying)
2018-10-26 10:47:51.943 [main] INFO  com.zaxxer.hikari.HikariDataSource - HikariPool-1 - Starting...
2018-10-26 10:47:52.594 [main] INFO  com.zaxxer.hikari.HikariDataSource - HikariPool-1 - Start completed.
2018-10-26 10:47:52.751 [main] INFO  o.s.orm.jpa.LocalContainerEntityManagerFactoryBean - Building JPA container EntityManagerFactory for persistence unit 'default'
2018-10-26 10:47:52.921 [main] INFO  org.hibernate.jpa.internal.util.LogHelper - HHH000204: Processing PersistenceUnitInfo [
	name: default
	...]
2018-10-26 10:47:53.319 [main] INFO  org.hibernate.Version - HHH000412: Hibernate Core {5.2.17.Final}
2018-10-26 10:47:53.321 [main] INFO  org.hibernate.cfg.Environment - HHH000206: hibernate.properties not found
2018-10-26 10:47:53.512 [main] INFO  org.hibernate.annotations.common.Version - HCANN000001: Hibernate Commons Annotations {5.0.1.Final}
2018-10-26 10:47:54.063 [main] INFO  org.hibernate.dialect.Dialect - HHH000400: Using dialect: org.hibernate.dialect.MySQL5Dialect
2018-10-26 10:47:56.093 [main] INFO  o.s.orm.jpa.LocalContainerEntityManagerFactoryBean - Initialized JPA EntityManagerFactory for persistence unit 'default'
2018-10-26 10:47:57.514 [main] INFO  o.s.web.servlet.handler.SimpleUrlHandlerMapping - Mapped URL path [/**/favicon.ico] onto handler of type [class org.springframework.web.servlet.resource.ResourceHttpRequestHandler]
2018-10-26 10:47:58.006 [main] INFO  o.s.w.s.m.m.a.RequestMappingHandlerAdapter - Looking for @ControllerAdvice: org.springframework.web.context.support.GenericWebApplicationContext@68034211: startup date [Fri Oct 26 10:47:48 CST 2018]; root of context hierarchy
2018-10-26 10:47:58.142 [main] WARN  o.s.b.a.o.j.JpaBaseConfiguration$JpaWebConfiguration$JpaWebMvcConfiguration - spring.jpa.open-in-view is enabled by default. Therefore, database queries may be performed during view rendering. Explicitly configure spring.jpa.open-in-view to disable this warning
2018-10-26 10:47:58.227 [main] INFO  o.s.w.s.m.m.a.RequestMappingHandlerMapping - Mapped "{[/user/test],methods=[GET]}" onto public java.lang.String com.sgr.meijia.controller.UserController.getTest()
2018-10-26 10:47:58.229 [main] INFO  o.s.w.s.m.m.a.RequestMappingHandlerMapping - Mapped "{[/user/add-title],methods=[POST]}" onto public com.sgr.meijia.bean.Result<com.sgr.meijia.bean.Title> com.sgr.meijia.controller.UserController.AddTitle(java.lang.String)
2018-10-26 10:47:58.229 [main] INFO  o.s.w.s.m.m.a.RequestMappingHandlerMapping - Mapped "{[/user/...],methods=[POST]}" onto public com.sgr.meijia.bean.Result<com.sgr.meijia.bean.User> com.sgr.meijia.controller.UserController.getUser(java.lang.String)
2018-10-26 10:47:58.230 [main] INFO  o.s.w.s.m.m.a.RequestMappingHandlerMapping - Mapped "{[/user/add-user],methods=[POST]}" onto public com.sgr.meijia.bean.Result<com.sgr.meijia.bean.User> com.sgr.meijia.controller.UserController.AddUser(java.lang.String)
2018-10-26 10:47:58.231 [main] INFO  o.s.w.s.m.m.a.RequestMappingHandlerMapping - Mapped "{[/user/login],methods=[POST]}" onto public com.sgr.meijia.bean.Result<com.sgr.meijia.bean.User> com.sgr.meijia.controller.UserController.Login(java.lang.String)
2018-10-26 10:47:58.234 [main] INFO  o.s.w.s.m.m.a.RequestMappingHandlerMapping - Mapped "{[/error]}" onto public org.springframework.http.ResponseEntity<java.util.Map<java.lang.String, java.lang.Object>> org.springframework.boot.autoconfigure.web.servlet.error.BasicErrorController.error(javax.servlet.http.HttpServletRequest)
2018-10-26 10:47:58.236 [main] INFO  o.s.w.s.m.m.a.RequestMappingHandlerMapping - Mapped "{[/error],produces=[text/html]}" onto public org.springframework.web.servlet.ModelAndView org.springframework.boot.autoconfigure.web.servlet.error.BasicErrorController.errorHtml(javax.servlet.http.HttpServletRequest,javax.servlet.http.HttpServletResponse)
2018-10-26 10:47:58.318 [main] INFO  o.s.web.servlet.handler.SimpleUrlHandlerMapping - Mapped URL path [/webjars/**] onto handler of type [class org.springframework.web.servlet.resource.ResourceHttpRequestHandler]
2018-10-26 10:47:58.318 [main] INFO  o.s.web.servlet.handler.SimpleUrlHandlerMapping - Mapped URL path [/**] onto handler of type [class org.springframework.web.servlet.resource.ResourceHttpRequestHandler]
2018-10-26 10:47:58.345 [main] INFO  o.s.w.s.m.m.a.ExceptionHandlerExceptionResolver - Detected @ExceptionHandler methods in exceptionHandle
2018-10-26 10:47:59.204 [main] INFO  com.sgr.meijia.service.UserServiceTest - Started UserServiceTest in 12.987 seconds (JVM running for 16.482)
2018-10-26 10:47:59.346 [main] INFO  o.s.test.context.transaction.TransactionContext - Began transaction (1) for test context [DefaultTestContext@385c9627 testClass = UserServiceTest, testInstance = com.sgr.meijia.service.UserServiceTest@100d0218, testMethod = getByName@UserServiceTest, testException = [null], mergedContextConfiguration = [WebMergedContextConfiguration@139982de testClass = UserServiceTest, locations = '{}', classes = '{class com.sgr.meijia.MeijiaApplication}', contextInitializerClasses = '[]', activeProfiles = '{}', propertySourceLocations = '{}', propertySourceProperties = '{org.springframework.boot.test.context.SpringBootTestContextBootstrapper=true}', contextCustomizers = set[org.springframework.boot.test.context.filter.ExcludeFilterContextCustomizer@63440df3, org.springframework.boot.test.json.DuplicateJsonObjectContextCustomizerFactory$DuplicateJsonObjectContextCustomizer@4d3167f4, org.springframework.boot.test.mock.mockito.MockitoContextCustomizer@0, org.springframework.boot.test.web.client.TestRestTemplateContextCustomizer@553a3d88, org.springframework.boot.test.autoconfigure.properties.PropertyMappingContextCustomizer@0, org.springframework.boot.test.autoconfigure.web.servlet.WebDriverContextCustomizerFactory$Customizer@7e0e6aa2], resourceBasePath = 'src/main/webapp', contextLoader = 'org.springframework.boot.test.context.SpringBootContextLoader', parent = [null]], attributes = map['org.springframework.test.context.web.ServletTestExecutionListener.activateListener' -> true, 'org.springframework.test.context.web.ServletTestExecutionListener.populatedRequestContextHolder' -> true, 'org.springframework.test.context.web.ServletTestExecutionListener.resetRequestContextHolder' -> true]]; transaction manager [org.springframework.orm.jpa.JpaTransactionManager@33de7f3d]; rollback [true]
2018-10-26 10:47:59.953 [main] INFO  o.h.hql.internal.QueryTranslatorFactoryInitiator - HHH000397: Using ASTQueryTranslatorFactory
2018-10-26 10:48:00.398 [main] INFO  o.s.test.context.transaction.TransactionContext - Rolled back transaction for test: [DefaultTestContext@385c9627 testClass = UserServiceTest, testInstance = com.sgr.meijia.service.UserServiceTest@100d0218, testMethod = getByName@UserServiceTest, testException = [null], mergedContextConfiguration = [WebMergedContextConfiguration@139982de testClass = UserServiceTest, locations = '{}', classes = '{class com.sgr.meijia.MeijiaApplication}', contextInitializerClasses = '[]', activeProfiles = '{}', propertySourceLocations = '{}', propertySourceProperties = '{org.springframework.boot.test.context.SpringBootTestContextBootstrapper=true}', contextCustomizers = set[org.springframework.boot.test.context.filter.ExcludeFilterContextCustomizer@63440df3, org.springframework.boot.test.json.DuplicateJsonObjectContextCustomizerFactory$DuplicateJsonObjectContextCustomizer@4d3167f4, org.springframework.boot.test.mock.mockito.MockitoContextCustomizer@0, org.springframework.boot.test.web.client.TestRestTemplateContextCustomizer@553a3d88, org.springframework.boot.test.autoconfigure.properties.PropertyMappingContextCustomizer@0, org.springframework.boot.test.autoconfigure.web.servlet.WebDriverContextCustomizerFactory$Customizer@7e0e6aa2], resourceBasePath = 'src/main/webapp', contextLoader = 'org.springframework.boot.test.context.SpringBootContextLoader', parent = [null]], attributes = map['org.springframework.test.context.web.ServletTestExecutionListener.activateListener' -> true, 'org.springframework.test.context.web.ServletTestExecutionListener.populatedRequestContextHolder' -> true, 'org.springframework.test.context.web.ServletTestExecutionListener.resetRequestContextHolder' -> true]]
2018-10-26 10:48:00.401 [Thread-2] INFO  o.s.w.context.support.GenericWebApplicationContext - Closing org.springframework.web.context.support.GenericWebApplicationContext@68034211: startup date [Fri Oct 26 10:47:48 CST 2018]; root of context hierarchy
2018-10-26 10:48:00.406 [Thread-2] INFO  o.s.orm.jpa.LocalContainerEntityManagerFactoryBean - Closing JPA EntityManagerFactory for persistence unit 'default'
2018-10-26 10:48:00.408 [Thread-2] INFO  com.zaxxer.hikari.HikariDataSource - HikariPool-1 - Shutdown initiated...
2018-10-26 10:48:00.459 [Thread-2] INFO  com.zaxxer.hikari.HikariDataSource - HikariPool-1 - Shutdown completed.
